#1 [internal] load local bake definitions
#1 reading from stdin 529B 0.0s done
#1 DONE 0.0s

#2 [internal] load build definition from Dockerfile
#2 transferring dockerfile: 542B 0.0s done
#2 DONE 0.0s

#3 [internal] load metadata for docker.io/library/python:3.12-slim
#3 DONE 5.2s

#4 [internal] load .dockerignore
#4 transferring context: 2B done
#4 DONE 0.0s

#5 [internal] load build context
#5 ...

#6 [1/6] FROM docker.io/library/python:3.12-slim@sha256:57cd7c3a7a273101a6485ba99423ee568157882804b1124b4dd04266317710de
#6 resolve docker.io/library/python:3.12-slim@sha256:57cd7c3a7a273101a6485ba99423ee568157882804b1124b4dd04266317710de 0.1s done
#6 DONE 0.1s

#5 [internal] load build context
#5 transferring context: 1.30MB 2.3s done
#5 DONE 2.4s

#7 [3/6] RUN apt-get update && apt-get install -y --no-install-recommends         build-essential libpq-dev     && rm -rf /var/lib/apt/lists/*
#7 CACHED

#8 [4/6] COPY pyproject.toml ./
#8 CACHED

#9 [2/6] WORKDIR /app
#9 CACHED

#10 [5/6] RUN pip install --upgrade pip && pip install -e .
#10 CACHED

#11 [6/6] COPY . .
#11 DONE 6.6s

#12 exporting to image
#12 exporting layers
#12 exporting layers 21.9s done
#12 exporting manifest sha256:86968243f3ed4471d79dc059418299eef0817a6e880670478976dbb639cd6a04 0.0s done
#12 exporting config sha256:dc61bf4accb33e0243393c3618d96cffa7b02d97554d7bf3a9532b68b767e08d 0.0s done
#12 exporting attestation manifest sha256:6b83f5c36e933ea0efb136a9efe82b80abfe4d9a50e54bc8f5e82af3e8d1a5a6 0.0s done
#12 exporting manifest list sha256:7b6ef1f58d1f57e208b2f3392450a87502a7c7cc961a3d17806f650779168a73
#12 exporting manifest list sha256:7b6ef1f58d1f57e208b2f3392450a87502a7c7cc961a3d17806f650779168a73 0.0s done
#12 naming to docker.io/library/backend-api:latest done
#12 unpacking to docker.io/library/backend-api:latest
#12 unpacking to docker.io/library/backend-api:latest 12.0s done
#12 DONE 34.2s

#13 resolving provenance for metadata file
#13 DONE 0.0s
