#1 [internal] load local bake definitions
#1 reading from stdin 529B 0.0s done
#1 DONE 0.1s

#2 [internal] load build definition from Dockerfile
#2 transferring dockerfile: 542B 0.0s done
#2 DONE 0.1s

#3 [internal] load metadata for docker.io/library/python:3.12-slim
#3 DONE 1.8s

#4 [internal] load .dockerignore
#4 transferring context: 2B 0.0s done
#4 DONE 0.0s

#5 [internal] load build context
#5 ...

#6 [1/6] FROM docker.io/library/python:3.12-slim@sha256:57cd7c3a7a273101a6485ba99423ee568157882804b1124b4dd04266317710de
#6 resolve docker.io/library/python:3.12-slim@sha256:57cd7c3a7a273101a6485ba99423ee568157882804b1124b4dd04266317710de 0.2s done
#6 DONE 0.3s

#5 [internal] load build context
#5 transferring context: 1.31MB 2.2s done
#5 DONE 2.3s

#7 [2/6] WORKDIR /app
#7 CACHED

#8 [3/6] RUN apt-get update && apt-get install -y --no-install-recommends         build-essential libpq-dev     && rm -rf /var/lib/apt/lists/*
#8 CACHED

#9 [4/6] COPY pyproject.toml ./
#9 CACHED

#10 [5/6] RUN pip install --upgrade pip && pip install -e .
#10 CACHED

#11 [6/6] COPY . .
#11 DONE 6.6s

#12 exporting to image
#12 exporting layers
#12 exporting layers 22.1s done
#12 exporting manifest sha256:2289b5b383ba1e94434c0a017bad2fb089b3c3e88a95ce598ea24c1bf526d096 0.1s done
#12 exporting config sha256:f7646c2634b7fc502afd0be25c3f8e0e3c36748fc5799513a9630f7564d32b75 0.0s done
#12 exporting attestation manifest sha256:a1b90d6f5cdc3d283e871d3f475405d70f075f8736eec5223899c4ab806e6b0d
#12 exporting attestation manifest sha256:a1b90d6f5cdc3d283e871d3f475405d70f075f8736eec5223899c4ab806e6b0d 0.1s done
#12 exporting manifest list sha256:ddd52dcd3e3c5798f199a79dc19c092e74da9b91b66e2f61336bef79da5775a1
#12 exporting manifest list sha256:ddd52dcd3e3c5798f199a79dc19c092e74da9b91b66e2f61336bef79da5775a1 0.1s done
#12 naming to docker.io/library/backend-api:latest 0.0s done
#12 unpacking to docker.io/library/backend-api:latest
#12 unpacking to docker.io/library/backend-api:latest 8.9s done
#12 DONE 31.4s

#13 resolving provenance for metadata file
#13 DONE 0.0s
